<?xml version="1.0" encoding="UTF-8"?>
<!-- Generated by org.testng.reporters.JUnitReportReporter -->
<testsuite hostname="LAPTOP-QHM9BDJJ" failures="0" tests="2" name="HomePage_Karnataka_Tourism.HomePage_Karnataka_Tourism" time="0.166" errors="0" timestamp="2023-04-07T10:32:02 IST" skipped="1">
  <testcase classname="HomePage_Karnataka_Tourism.HomePage_Karnataka_Tourism" name="TC_001" time="0.166"/>
  <system-out/>
  <testcase classname="HomePage_Karnataka_Tourism.HomePage_Karnataka_Tourism" name="TC_002">
    <skipped/>
  </testcase> <!-- TC_002 -->
  <system-out/>
</testsuite> <!-- HomePage_Karnataka_Tourism.HomePage_Karnataka_Tourism -->
